<?xml version="1.0" encoding="UTF-8"?>
<!-- Generated by org.testng.reporters.JUnitReportReporter -->
<testsuite hostname="LAPTOP-D91JMTOQ" failures="0" tests="1" name="mypack.Testing1" time="18.508" errors="0" timestamp="2024-02-04T13:44:29 IST" skipped="0">
  <testcase classname="mypack.Testing1" name="m1" time="18.508"/>
</testsuite> <!-- mypack.Testing1 -->
