<?xml version="1.0" encoding="UTF-8"?>
<!-- Generated by org.testng.reporters.JUnitReportReporter -->
<testsuite hostname="LAPTOP-D91JMTOQ" failures="0" tests="1" name="com.chatbot.utility.Test1" time="11.704" errors="0" timestamp="2023-07-29T23:39:40 IST" skipped="0">
  <testcase classname="com.chatbot.utility.Test1" name="test" time="11.704"/>
  <system-out/>
</testsuite> <!-- com.chatbot.utility.Test1 -->
