<?xml version="1.0" encoding="UTF-8"?>
<!-- Generated by org.testng.reporters.JUnitReportReporter -->
<testsuite hostname="LAPTOP-D91JMTOQ" failures="0" tests="1" name="com.regular.expressionn.Test1" time="0.012" errors="0" timestamp="2023-07-29T19:14:57 IST" skipped="0">
  <testcase classname="com.regular.expressionn.Test1" name="method" time="0.012"/>
  <system-out/>
</testsuite> <!-- com.regular.expressionn.Test1 -->
